d:\workspace\z\chronocastengine\chronocastengine\debug\chronocastengine.pch
d:\workspace\z\chronocastengine\chronocastengine\debug\vc141.pdb
d:\workspace\z\chronocastengine\chronocastengine\debug\vc141.idb
d:\workspace\z\chronocastengine\chronocastengine\debug\stdafx.obj
d:\workspace\z\chronocastengine\chronocastengine\debug\basestreammanager.obj
d:\workspace\z\chronocastengine\chronocastengine\debug\chronocastengine.obj
d:\workspace\z\chronocastengine\chronocastengine\debug\basestream.obj
d:\workspace\z\chronocastengine\chronocastengine\debug\media.obj
d:\workspace\z\chronocastengine\chronocastengine\debug\schedule.obj
d:\workspace\z\chronocastengine\chronocastengine\debug\server.obj
d:\workspace\z\chronocastengine\chronocastengine\debug\streamswitchboxmanager.obj
d:\workspace\z\chronocastengine\chronocastengine\debug\multimediamanager.obj
d:\workspace\z\chronocastengine\chronocastengine\debug\fallback.obj
d:\workspace\z\chronocastengine\debug\chronocastengine.exe
d:\workspace\z\chronocastengine\debug\chronocastengine.ilk
d:\workspace\z\chronocastengine\debug\chronocastengine.pdb
d:\workspace\z\chronocastengine\chronocastengine\debug\chronocastengine.res
d:\workspace\z\chronocastengine\chronocastengine\debug\chronocastengine.tlog\cl.command.1.tlog
d:\workspace\z\chronocastengine\chronocastengine\debug\chronocastengine.tlog\cl.read.1.tlog
d:\workspace\z\chronocastengine\chronocastengine\debug\chronocastengine.tlog\cl.write.1.tlog
d:\workspace\z\chronocastengine\chronocastengine\debug\chronocastengine.tlog\link.command.1.tlog
d:\workspace\z\chronocastengine\chronocastengine\debug\chronocastengine.tlog\link.read.1.tlog
d:\workspace\z\chronocastengine\chronocastengine\debug\chronocastengine.tlog\link.write.1.tlog
d:\workspace\z\chronocastengine\chronocastengine\debug\chronocastengine.tlog\rc.command.1.tlog
d:\workspace\z\chronocastengine\chronocastengine\debug\chronocastengine.tlog\rc.read.1.tlog
d:\workspace\z\chronocastengine\chronocastengine\debug\chronocastengine.tlog\rc.write.1.tlog
